number,value,datetime_start,datetime_complete,duration,params_conf,params_match_thresh,params_min-box-area,params_nms,params_track_buffer,params_track_thresh,state
0,0.5143981398676445,2025-01-27 12:50:11.060197,2025-01-27 12:52:31.109617,0 days 00:02:20.049420,0.1801429023521206,0.6753956800105062,100,0.17062599727552935,300,0.7700083765905057,COMPLETE
1,0.5143981398676445,2025-01-27 12:52:31.110215,2025-01-27 12:54:55.193093,0 days 00:02:24.082878,0.16681129311868848,0.22687440236742004,100,0.23870829414207873,600,0.3160283062805793,COMPLETE
2,0.5143981398676445,2025-01-27 12:54:55.193740,2025-01-27 12:57:17.478948,0 days 00:02:22.285208,0.6689280273110111,0.20060055310634928,100,0.2327002191310321,120,0.14924250101877468,COMPLETE
3,0.5143981398676445,2025-01-27 12:57:17.479613,2025-01-27 12:59:37.910943,0 days 00:02:20.431330,0.6873450058319884,0.8072009313964194,10,0.810304766354582,30,0.6781000977093123,COMPLETE
4,0.5143981398676445,2025-01-27 12:59:37.911599,2025-01-27 13:01:57.695853,0 days 00:02:19.784254,0.8713004661922901,0.28301474702401597,10,0.2532813583223975,120,0.4953810841215148,COMPLETE
5,0.5143981398676445,2025-01-27 13:01:57.696543,2025-01-27 13:04:18.535786,0 days 00:02:20.839243,0.5599222772685956,0.40740288756495635,10,0.17387670943302264,600,0.35702151500337675,COMPLETE
6,0.5143981398676445,2025-01-27 13:04:18.536469,2025-01-27 13:06:38.712981,0 days 00:02:20.176512,0.5757330022947346,0.6624759207627753,10,0.6557828918153321,120,0.6266312743032214,COMPLETE
7,0.5143981398676445,2025-01-27 13:06:38.713651,2025-01-27 13:08:57.942109,0 days 00:02:19.228458,0.8732651381216152,0.4471745169530511,150,0.8489421374850623,600,0.4070614029651548,COMPLETE
8,0.5143981398676445,2025-01-27 13:08:57.942767,2025-01-27 13:11:18.505818,0 days 00:02:20.563051,0.5784788405260047,0.5735613586934022,10,0.3033431504279609,600,0.12024472732316119,COMPLETE
9,0.5143981398676445,2025-01-27 13:11:18.506494,2025-01-27 13:13:39.135984,0 days 00:02:20.629490,0.27723938347919885,0.7094177049494571,150,0.6215148434054412,120,0.2653400733122757,COMPLETE
10,0.5143981398676445,2025-01-27 13:13:39.136671,2025-01-27 13:15:57.953463,0 days 00:02:18.816792,0.35670965621883666,0.8986542715761727,100,0.43404338790835045,300,0.8446072569569806,COMPLETE
11,0.5143981398676445,2025-01-27 13:15:57.954165,2025-01-27 13:18:15.739574,0 days 00:02:17.785409,0.10390320813343606,0.10209345421966176,100,0.11943243189425701,60,0.8804492016396477,COMPLETE
12,0.5143981398676445,2025-01-27 13:18:15.740197,2025-01-27 13:20:36.241049,0 days 00:02:20.500852,0.13011676299056374,0.5643956931699667,100,0.38144919371133446,300,0.67445890078132,COMPLETE
13,0.5143981398676445,2025-01-27 13:20:36.241732,2025-01-27 13:22:57.905407,0 days 00:02:21.663675,0.2762110573158855,0.27282587388873114,100,0.10613203460226758,300,0.5470603587455043,COMPLETE
14,0.5143981398676445,2025-01-27 13:22:57.906094,2025-01-27 13:25:18.278779,0 days 00:02:20.372685,0.3922124379424974,0.3686618695025611,100,0.3423836588299043,30,0.7626922757236253,COMPLETE
15,0.5143981398676445,2025-01-27 13:25:18.279468,2025-01-27 13:27:39.284069,0 days 00:02:21.004601,0.2213856134752597,0.649475618963778,100,0.5410626757992971,60,0.2936671498517788,COMPLETE
16,0.5143981398676445,2025-01-27 13:27:39.284761,2025-01-27 13:29:59.958107,0 days 00:02:20.673346,0.4128927264938537,0.7607356530171847,150,0.47001199970153246,300,0.48418016948183207,COMPLETE
17,0.5143981398676445,2025-01-27 13:29:59.958806,2025-01-27 13:32:21.335540,0 days 00:02:21.376734,0.2001735471156017,0.5224755160485332,100,0.2347621696432125,600,0.23386222017656594,COMPLETE
18,0.5143981398676445,2025-01-27 13:32:21.336212,2025-01-27 13:34:44.851332,0 days 00:02:23.515120,0.1813914757207242,0.13493764439189143,100,0.19112844099534188,300,0.4036965897245254,COMPLETE
19,0.5143981398676445,2025-01-27 13:34:44.852046,2025-01-27 13:37:06.621050,0 days 00:02:21.769004,0.31790379807968155,0.3293897639062886,100,0.3047815918586245,600,0.5792253514081215,COMPLETE
20,0.5143981398676445,2025-01-27 13:37:06.621766,2025-01-27 13:39:27.349342,0 days 00:02:20.727576,0.4393829851252751,0.4710257308151251,150,0.38934306378383643,60,0.43719681401345134,COMPLETE
21,0.5143981398676445,2025-01-27 13:39:27.350031,2025-01-27 13:41:49.044576,0 days 00:02:21.694545,0.7378291192873558,0.1935921795486435,100,0.2044911857712992,120,0.15726267572434285,COMPLETE
22,0.5143981398676445,2025-01-27 13:41:49.045280,2025-01-27 13:44:10.383002,0 days 00:02:21.337722,0.6918724841204957,0.20969860393746814,100,0.10414939381735637,120,0.1875705699986201,COMPLETE
23,0.5143981398676445,2025-01-27 13:44:10.383732,2025-01-27 13:46:32.964774,0 days 00:02:22.581042,0.492049029940219,0.21754554824750308,100,0.29214980315112166,30,0.3243543846787935,COMPLETE
24,0.5143981398676445,2025-01-27 13:46:32.965482,2025-01-27 13:48:54.506231,0 days 00:02:21.540749,0.7907279670144145,0.3017754735369454,100,0.5259907623374018,600,0.21385324445471326,COMPLETE
25,0.5143981398676445,2025-01-27 13:48:54.506944,2025-01-27 13:51:16.650035,0 days 00:02:22.143091,0.6448887609161092,0.17201352923533225,100,0.16673636181654095,120,0.10238127937722455,COMPLETE
26,0.5143981398676445,2025-01-27 13:51:16.650767,2025-01-27 13:53:38.633391,0 days 00:02:21.982624,0.4957493133692042,0.38275310383878064,100,0.2507129049617815,300,0.3452248601055331,COMPLETE
27,0.5143981398676445,2025-01-27 13:53:38.634091,2025-01-27 13:55:59.108794,0 days 00:02:20.474703,0.15295574982689142,0.6204416785251512,100,0.3621018410990068,120,0.734151895867793,COMPLETE
28,0.5143981398676445,2025-01-27 13:55:59.109493,2025-01-27 13:58:19.891769,0 days 00:02:20.782276,0.2604837652568786,0.2584797376957936,150,0.1587069806179534,600,0.7928099268529851,COMPLETE
29,0.5143981398676445,2025-01-27 13:58:19.892478,2025-01-27 14:00:40.394511,0 days 00:02:20.502033,0.6650787328356527,0.8567401713290707,100,0.7051200838027817,30,0.16132636264308403,COMPLETE
30,0.5143981398676445,2025-01-27 14:00:40.395209,2025-01-27 14:03:01.598590,0 days 00:02:21.203381,0.23415691512918785,0.7755842169175585,10,0.4271979256448944,300,0.26593827617466725,COMPLETE
31,0.5143981398676445,2025-01-27 14:03:01.599274,2025-01-27 14:05:21.899918,0 days 00:02:20.300644,0.7865358756183003,0.8085972473372698,10,0.7814628184521357,30,0.6682785903226333,COMPLETE
32,0.5143981398676445,2025-01-27 14:05:21.900628,2025-01-27 14:07:41.835733,0 days 00:02:19.935105,0.8000867660812114,0.7170328696632059,10,0.8319412729044465,30,0.7274468075708788,COMPLETE
33,0.5143981398676445,2025-01-27 14:07:41.836400,2025-01-27 14:10:01.123414,0 days 00:02:19.287014,0.6253659138135172,0.8261075182024554,10,0.8908540210591903,30,0.8211249679801171,COMPLETE
34,0.5143981398676445,2025-01-27 14:10:01.124119,2025-01-27 14:12:21.298725,0 days 00:02:20.174606,0.7065558613583894,0.7239656777653715,10,0.6099228271241431,120,0.6140668480132992,COMPLETE
35,0.5143981398676445,2025-01-27 14:12:21.299403,2025-01-27 14:14:42.675099,0 days 00:02:21.375696,0.5485800115459548,0.4301565805103361,10,0.7055922114318977,600,0.5038554536688474,COMPLETE
36,0.5143981398676445,2025-01-27 14:14:42.675779,2025-01-27 14:17:02.092509,0 days 00:02:19.416730,0.8450148302159457,0.6149131178377132,10,0.22670203906160868,30,0.6821103174056979,COMPLETE
37,0.5143981398676445,2025-01-27 14:17:02.093214,2025-01-27 14:19:22.872805,0 days 00:02:20.779591,0.6027799282081278,0.5365257479431782,10,0.2973914887375604,120,0.3939030499110672,COMPLETE
38,0.5143981398676445,2025-01-27 14:19:22.873503,2025-01-27 14:21:43.266489,0 days 00:02:20.392986,0.5272005585584576,0.6696600863151849,150,0.14894368428073407,600,0.46636929021714113,COMPLETE
39,0.5143981398676445,2025-01-27 14:21:43.267118,2025-01-27 14:24:06.354062,0 days 00:02:23.086944,0.32540633252016116,0.10014183682901467,100,0.5662806443621207,60,0.5266755725014817,COMPLETE
40,0.5143981398676445,2025-01-27 14:24:06.354788,2025-01-27 14:26:24.283048,0 days 00:02:17.928260,0.7174786309382183,0.8920495605357324,100,0.2727536838242674,300,0.8982176759815308,COMPLETE
41,0.5143981398676445,2025-01-27 14:26:24.283761,2025-01-27 14:28:44.043215,0 days 00:02:19.759454,0.8967095348007601,0.2533622426621266,10,0.33160099681298627,120,0.37102843650991457,COMPLETE
42,0.5143981398676445,2025-01-27 14:28:44.043948,2025-01-27 14:31:04.053931,0 days 00:02:20.009983,0.8523836393989842,0.3364381855100448,10,0.20733954990404369,120,0.591922361436968,COMPLETE
43,0.5143981398676445,2025-01-27 14:31:04.054632,2025-01-27 14:33:25.699166,0 days 00:02:21.644534,0.1345770557799965,0.29910880982163623,10,0.26298467321536334,120,0.6442967973385477,COMPLETE
44,0.5143981398676445,2025-01-27 14:33:25.699902,2025-01-27 14:35:43.745246,0 days 00:02:18.045344,0.45512142410052536,0.14596897046434196,10,0.14224253400147763,120,0.8575766975200884,COMPLETE
45,0.5143981398676445,2025-01-27 14:35:43.745959,2025-01-27 14:38:06.730400,0 days 00:02:22.984441,0.7547791607591008,0.17450410960616308,100,0.4178337288574596,300,0.4406216200051554,COMPLETE
46,0.5143981398676445,2025-01-27 14:38:06.731130,2025-01-27 14:40:28.658260,0 days 00:02:21.927130,0.5927351123640021,0.23590731959017064,150,0.18711074614320644,600,0.7306661508358822,COMPLETE
47,0.5143981398676445,2025-01-27 14:40:28.658979,2025-01-27 14:42:48.687749,0 days 00:02:20.028770,0.8150152032821311,0.4609636019035297,100,0.47169666248083697,60,0.7644866644313956,COMPLETE
48,0.5143981398676445,2025-01-27 14:42:48.688474,2025-01-27 14:45:10.133611,0 days 00:02:21.445137,0.18692054543675185,0.4057030487920542,10,0.23192104765925703,30,0.2950837951825238,COMPLETE
49,0.5143981398676445,2025-01-27 14:45:10.134360,2025-01-27 14:47:31.013687,0 days 00:02:20.879327,0.3709791290627622,0.7569172855192738,100,0.33817747978575563,300,0.13946440812364497,COMPLETE
50,0.5143981398676445,2025-01-27 14:47:31.014387,2025-01-27 14:49:51.773259,0 days 00:02:20.758872,0.11810032546596108,0.6828627980983764,100,0.6751342227467927,120,0.5513366924734198,COMPLETE
51,0.5143981398676445,2025-01-27 14:49:51.773981,2025-01-27 14:52:13.768306,0 days 00:02:21.994325,0.5527904954150328,0.29422611918929314,10,0.14333387684131593,600,0.34090648657468825,COMPLETE
52,0.5143981398676445,2025-01-27 14:52:13.769019,2025-01-27 14:54:34.375038,0 days 00:02:20.606019,0.6758088442879714,0.4946137846059183,10,0.17948608795122353,600,0.21846728861077552,COMPLETE
53,0.5143981398676445,2025-01-27 14:54:34.375753,2025-01-27 14:56:55.152233,0 days 00:02:20.776480,0.7479856936425181,0.3384439618433306,10,0.11793788541397629,600,0.25620729164386913,COMPLETE
54,0.5143981398676445,2025-01-27 14:56:55.152940,2025-01-27 14:59:15.832985,0 days 00:02:20.680045,0.6219540041647225,0.5737184516395243,10,0.22265908366320109,600,0.42252015380850255,COMPLETE
55,0.5143981398676445,2025-01-27 14:59:15.833693,2025-01-27 15:01:39.298155,0 days 00:02:23.464462,0.5689545154305664,0.2175549757577231,100,0.28306330768497656,600,0.30731031472935333,COMPLETE
56,0.5143981398676445,2025-01-27 15:01:39.298898,2025-01-27 15:04:01.314763,0 days 00:02:22.015865,0.4506757640611314,0.37363584588605503,150,0.24783669670913783,300,0.36813196022393835,COMPLETE
57,0.5143981398676445,2025-01-27 15:04:01.315478,2025-01-27 15:06:23.554960,0 days 00:02:22.239482,0.15808313005929778,0.1562139023353016,100,0.10273831806209106,60,0.4604293171530311,COMPLETE
58,0.5143981398676445,2025-01-27 15:06:23.555676,2025-01-27 15:08:46.403370,0 days 00:02:22.847694,0.2500961630500139,0.275076250704517,100,0.31862335739695563,120,0.19297468196317008,COMPLETE
59,0.5143981398676445,2025-01-27 15:08:46.404101,2025-01-27 15:11:07.706202,0 days 00:02:21.302101,0.5123184942926592,0.4174095470562596,10,0.38323208451628,30,0.2574898054250346,COMPLETE
60,0.5143981398676445,2025-01-27 15:11:07.706930,2025-01-27 15:13:31.137124,0 days 00:02:23.430194,0.6669937092443208,0.1254605851424665,100,0.7625681049996144,600,0.4964773289653347,COMPLETE
61,0.5143981398676445,2025-01-27 15:13:31.137864,2025-01-27 15:15:51.583522,0 days 00:02:20.445658,0.6329330980252872,0.6019116343475414,10,0.6211427664755202,120,0.7087561836974987,COMPLETE
62,0.5143981398676445,2025-01-27 15:15:51.584247,2025-01-27 15:18:12.481586,0 days 00:02:20.897339,0.41279692951086794,0.5004604348332535,10,0.7954359690550797,120,0.6250783069607937,COMPLETE
63,0.5143981398676445,2025-01-27 15:18:12.482316,2025-01-27 15:20:33.687492,0 days 00:02:21.205176,0.21525477637789778,0.18894931650339342,10,0.674599111873377,120,0.7837507396891076,COMPLETE
64,0.5143981398676445,2025-01-27 15:20:33.688215,2025-01-27 15:22:54.237012,0 days 00:02:20.548797,0.5819640473581088,0.7995891791855108,10,0.8647209176657294,120,0.5829258750031965,COMPLETE
65,0.5143981398676445,2025-01-27 15:22:54.237740,2025-01-27 15:25:14.726424,0 days 00:02:20.488684,0.48288429541857947,0.6877629167168705,10,0.5734616474559316,300,0.6931533558286308,COMPLETE
66,0.5143981398676445,2025-01-27 15:25:14.727150,2025-01-27 15:27:34.888859,0 days 00:02:20.161709,0.29668757368125204,0.6531152819787167,100,0.21076628720219343,30,0.6459450128431492,COMPLETE
67,0.5143981398676445,2025-01-27 15:27:34.889575,2025-01-27 15:29:54.012826,0 days 00:02:19.123251,0.5292853236217788,0.8536022015330343,150,0.1270166141452967,120,0.8125190586326041,COMPLETE
68,0.5143981398676445,2025-01-27 15:29:54.013567,2025-01-27 15:32:14.938215,0 days 00:02:20.924648,0.10123462295561085,0.5423114022636385,10,0.7406530841885448,600,0.5611716666643176,COMPLETE
69,0.5143981398676445,2025-01-27 15:32:14.938944,2025-01-27 15:34:35.092756,0 days 00:02:20.153812,0.6491456859414441,0.7348710826734846,100,0.1686077630211711,300,0.3929970739518205,COMPLETE
70,0.5143981398676445,2025-01-27 15:34:35.093484,2025-01-27 15:36:55.833925,0 days 00:02:20.740441,0.6849456717043261,0.22967356259988783,10,0.1850135453334796,120,0.7586838554306508,COMPLETE
71,0.5143981398676445,2025-01-27 15:36:55.834612,2025-01-27 15:39:15.377266,0 days 00:02:19.542654,0.8711843544746225,0.4623892067371613,150,0.8325714928353621,600,0.5279753837699406,COMPLETE
72,0.5143981398676445,2025-01-27 15:39:15.378002,2025-01-27 15:41:34.539993,0 days 00:02:19.161991,0.8945788998300865,0.395938410364792,150,0.8984879763836151,600,0.4234847804000579,COMPLETE
73,0.5143981398676445,2025-01-27 15:41:34.540714,2025-01-27 15:43:56.607322,0 days 00:02:22.066608,0.6048847549744321,0.3547307062079622,150,0.8230310686115241,600,0.5152383399091992,COMPLETE
74,0.5143981398676445,2025-01-27 15:43:56.608050,2025-01-27 15:46:17.024627,0 days 00:02:20.416577,0.7756525566916327,0.4277340225653566,150,0.49781642229648526,30,0.4500224587941595,COMPLETE
75,0.5143981398676445,2025-01-27 15:46:17.025384,2025-01-27 15:48:37.603927,0 days 00:02:20.578543,0.8241953847869105,0.31293794242787487,100,0.8727473152364303,60,0.3695732267754458,COMPLETE
76,0.5143981398676445,2025-01-27 15:48:37.604695,2025-01-27 15:50:57.859191,0 days 00:02:20.254496,0.7244017147868206,0.5706776239262064,150,0.6602089411327267,600,0.3364743763307578,COMPLETE
77,0.5143981398676445,2025-01-27 15:50:57.859940,2025-01-27 15:53:18.328472,0 days 00:02:20.468532,0.47252863613810725,0.4911857247362452,100,0.2534374740312967,120,0.4822455170056908,COMPLETE
78,0.5143981398676445,2025-01-27 15:53:18.329211,2025-01-27 15:55:40.081368,0 days 00:02:21.752157,0.7639279873459354,0.26679026107030707,10,0.804138365998274,300,0.11408634936717715,COMPLETE
79,0.5143981398676445,2025-01-27 15:55:40.082104,2025-01-27 15:58:00.067810,0 days 00:02:19.985706,0.8505719470615095,0.44499313371360183,10,0.7197544276160157,600,0.6034674105346737,COMPLETE
80,0.5143981398676445,2025-01-27 15:58:00.068568,2025-01-27 16:00:19.658963,0 days 00:02:19.590395,0.8247544949239838,0.6339649468515529,100,0.19987348560015203,30,0.2797015521285565,COMPLETE
81,0.5143981398676445,2025-01-27 16:00:19.659709,2025-01-27 16:02:40.384062,0 days 00:02:20.724353,0.5346398564589537,0.6080445491169331,10,0.29746234289603096,600,0.15957435379793822,COMPLETE
82,0.5143981398676445,2025-01-27 16:02:40.384822,2025-01-27 16:05:00.612539,0 days 00:02:20.227717,0.7001460764707521,0.5429724654917525,10,0.23375427995631282,600,0.13530724146162093,COMPLETE
83,0.5143981398676445,2025-01-27 16:05:00.613245,2025-01-27 16:07:21.428969,0 days 00:02:20.815724,0.5732429332428892,0.5917516620302739,10,0.2702103684916151,600,0.19075009233363527,COMPLETE
84,0.5143981398676445,2025-01-27 16:07:21.429715,2025-01-27 16:09:42.077046,0 days 00:02:20.647331,0.646546235116932,0.5184912369490084,10,0.3605511967373638,120,0.31764028755065377,COMPLETE
85,0.5143981398676445,2025-01-27 16:09:42.077742,2025-01-27 16:12:04.877699,0 days 00:02:22.799957,0.6134931081007506,0.19602696623618626,10,0.16199181006453256,600,0.2352186890549125,COMPLETE
86,0.5143981398676445,2025-01-27 16:12:04.878450,2025-01-27 16:14:25.436953,0 days 00:02:20.558503,0.556475118759105,0.6953950883677494,100,0.8520127494075668,600,0.6565892786852299,COMPLETE
87,0.5143981398676445,2025-01-27 16:14:25.437680,2025-01-27 16:16:46.116725,0 days 00:02:20.679045,0.5885355517525358,0.658941200869078,10,0.3128272156631168,120,0.4056625777652624,COMPLETE
88,0.5143981398676445,2025-01-27 16:16:46.117485,2025-01-27 16:19:04.595560,0 days 00:02:18.478075,0.15877303718373062,0.24688045890747587,100,0.7618237678742574,300,0.8469495770014642,COMPLETE
89,0.5143981398676445,2025-01-27 16:19:04.596297,2025-01-27 16:21:25.066284,0 days 00:02:20.469987,0.5150449076607335,0.6335266702567838,150,0.21759605353711203,30,0.11118231813452503,COMPLETE
90,0.5143981398676445,2025-01-27 16:21:25.067043,2025-01-27 16:23:44.872383,0 days 00:02:19.805340,0.8715199943317465,0.3572275274870085,10,0.24439737252096633,60,0.17425386701848475,COMPLETE
91,0.5143981398676445,2025-01-27 16:23:44.873087,2025-01-27 16:26:06.102012,0 days 00:02:21.228925,0.19846074092239996,0.734609558940827,150,0.5379520014186777,120,0.23089740151690585,COMPLETE
92,0.5143981398676445,2025-01-27 16:26:06.102710,2025-01-27 16:28:27.134010,0 days 00:02:21.031300,0.178819680708025,0.7697352952214066,150,0.5873158533457246,120,0.36147419959687316,COMPLETE
93,0.5143981398676445,2025-01-27 16:28:27.134747,2025-01-27 16:30:48.042891,0 days 00:02:20.908144,0.1386037970017086,0.7091270915161796,150,0.5028949671699835,120,0.2833104401967437,COMPLETE
94,0.5143981398676445,2025-01-27 16:30:48.043597,2025-01-27 16:33:08.915017,0 days 00:02:20.871420,0.23550783503223877,0.8343116450813044,150,0.6205002643751469,120,0.13850165549392307,COMPLETE
95,0.5143981398676445,2025-01-27 16:33:08.915728,2025-01-27 16:35:29.201508,0 days 00:02:20.285780,0.34236363184534924,0.6676508610309103,100,0.4392496087963437,600,0.7096958570988396,COMPLETE
96,0.5143981398676445,2025-01-27 16:35:29.202217,2025-01-27 16:37:50.143488,0 days 00:02:20.941271,0.26430337889573124,0.5853358006386838,10,0.6491240305791633,120,0.2995718629203383,COMPLETE
97,0.5143981398676445,2025-01-27 16:37:50.144181,2025-01-27 16:40:10.588784,0 days 00:02:20.444603,0.28575738332345707,0.7853126166542453,100,0.12909400106014515,300,0.21384615018662928,COMPLETE
98,0.5143981398676445,2025-01-27 16:40:10.589484,2025-01-27 16:42:31.167873,0 days 00:02:20.578389,0.4206901191317667,0.8779818937965782,10,0.2849561329497643,600,0.346598398826981,COMPLETE
99,0.5143981398676445,2025-01-27 16:42:31.168609,2025-01-27 16:44:52.771039,0 days 00:02:21.602430,0.5446357953860974,0.28226910567880015,150,0.19864460047558924,120,0.390452269633892,COMPLETE
100,0.5143981398676445,2025-01-27 16:44:52.771770,2025-01-27 16:47:12.657609,0 days 00:02:19.885839,0.8018103214927959,0.6308146427105504,10,0.17151868545548138,30,0.26796421011393534,COMPLETE
101,0.5143981398676445,2025-01-27 16:47:12.658363,2025-01-27 16:49:30.680490,0 days 00:02:18.022127,0.3840698705092715,0.7576026109078524,100,0.3469425430205346,300,0.8758810378526155,COMPLETE
102,0.5143981398676445,2025-01-27 16:49:30.681220,2025-01-27 16:51:50.791890,0 days 00:02:20.110670,0.32525509643759043,0.8979649944254874,100,0.4044223555988922,300,0.7672940038802537,COMPLETE
103,0.5143981398676445,2025-01-27 16:51:50.792600,2025-01-27 16:54:10.001618,0 days 00:02:19.209018,0.1747719536614477,0.8249430024473502,100,0.2653766623201515,300,0.8248809749517287,COMPLETE
104,0.5143981398676445,2025-01-27 16:54:10.002359,2025-01-27 16:56:29.832665,0 days 00:02:19.830306,0.21316953426274193,0.8757112994370001,100,0.22601448819795575,300,0.7413575775493438,COMPLETE
105,0.5143981398676445,2025-01-27 16:56:29.833403,2025-01-27 16:58:49.351564,0 days 00:02:19.518161,0.305460921529854,0.7045706289452603,100,0.4669314143538261,600,0.8025205031189747,COMPLETE
106,0.5143981398676445,2025-01-27 16:58:49.352291,2025-01-27 17:01:07.958254,0 days 00:02:18.605963,0.3459038638122035,0.11961205512677651,100,0.1477129399493144,120,0.8355579776320341,COMPLETE
107,0.5143981398676445,2025-01-27 17:01:07.958962,2025-01-27 17:03:29.629007,0 days 00:02:21.670045,0.7272491310172156,0.16048996299291507,10,0.19027177982789745,60,0.33125397370452836,COMPLETE
108,0.5143981398676445,2025-01-27 17:03:29.629758,2025-01-27 17:05:50.396915,0 days 00:02:20.767157,0.665840589817463,0.4815856190789001,150,0.5548900466290425,600,0.41170508685865936,COMPLETE
109,0.5143981398676445,2025-01-27 17:05:50.397654,2025-01-27 17:08:10.807657,0 days 00:02:20.410003,0.6327617847671052,0.7440766391080651,10,0.6965841546218045,120,0.6215738254993785,COMPLETE
110,0.5143981398676445,2025-01-27 17:08:10.808442,2025-01-27 17:10:28.659764,0 days 00:02:17.851322,0.5054667478919277,0.20283391879513504,100,0.5918982387002296,300,0.8688567478312164,COMPLETE
111,0.5143981398676445,2025-01-27 17:10:28.660495,2025-01-27 17:12:46.646258,0 days 00:02:17.985763,0.10897104589216663,0.10468744211673622,100,0.11808429331978469,60,0.8925078998191013,COMPLETE
